mode: set
github.com/vibesql/vibe/internal/postgres/connection.go:24.109,28.16 3 1
github.com/vibesql/vibe/internal/postgres/connection.go:28.16,30.3 1 0
github.com/vibesql/vibe/internal/postgres/connection.go:33.2,39.34 5 1
github.com/vibesql/vibe/internal/postgres/connection.go:39.34,42.3 2 1
github.com/vibesql/vibe/internal/postgres/connection.go:44.2,44.33 1 0
github.com/vibesql/vibe/internal/postgres/connection.go:48.57,50.2 1 1
github.com/vibesql/vibe/internal/postgres/connection.go:53.103,57.20 2 1
github.com/vibesql/vibe/internal/postgres/connection.go:57.20,59.3 1 1
github.com/vibesql/vibe/internal/postgres/connection.go:61.2,61.16 1 1
github.com/vibesql/vibe/internal/postgres/connection.go:65.35,67.2 1 1
github.com/vibesql/vibe/internal/postgres/connection.go:70.36,71.17 1 1
github.com/vibesql/vibe/internal/postgres/connection.go:71.17,73.3 1 0
github.com/vibesql/vibe/internal/postgres/connection.go:74.2,74.12 1 1
github.com/vibesql/vibe/internal/postgres/connection.go:78.35,79.17 1 1
github.com/vibesql/vibe/internal/postgres/connection.go:79.17,81.3 1 1
github.com/vibesql/vibe/internal/postgres/connection.go:82.2,82.20 1 0
github.com/vibesql/vibe/internal/postgres/errors.go:46.36,47.20 1 1
github.com/vibesql/vibe/internal/postgres/errors.go:47.20,49.3 1 1
github.com/vibesql/vibe/internal/postgres/errors.go:50.2,50.49 1 1
github.com/vibesql/vibe/internal/postgres/errors.go:54.60,60.2 1 1
github.com/vibesql/vibe/internal/postgres/errors.go:95.43,96.16 1 1
github.com/vibesql/vibe/internal/postgres/errors.go:96.16,98.3 1 1
github.com/vibesql/vibe/internal/postgres/errors.go:101.2,102.30 2 1
github.com/vibesql/vibe/internal/postgres/errors.go:102.30,104.3 1 1
github.com/vibesql/vibe/internal/postgres/errors.go:107.2,107.46 1 1
github.com/vibesql/vibe/internal/postgres/errors.go:107.46,113.3 1 1
github.com/vibesql/vibe/internal/postgres/errors.go:115.2,115.38 1 1
github.com/vibesql/vibe/internal/postgres/errors.go:115.38,121.3 1 1
github.com/vibesql/vibe/internal/postgres/errors.go:124.2,125.28 2 1
github.com/vibesql/vibe/internal/postgres/errors.go:125.28,127.3 1 1
github.com/vibesql/vibe/internal/postgres/errors.go:130.2,134.3 1 1
github.com/vibesql/vibe/internal/postgres/errors.go:138.51,143.12 3 1
github.com/vibesql/vibe/internal/postgres/errors.go:143.12,146.3 1 1
github.com/vibesql/vibe/internal/postgres/errors.go:149.2,152.48 3 1
github.com/vibesql/vibe/internal/postgres/errors.go:156.65,157.18 1 1
github.com/vibesql/vibe/internal/postgres/errors.go:158.27,159.30 1 1
github.com/vibesql/vibe/internal/postgres/errors.go:160.29,161.35 1 1
github.com/vibesql/vibe/internal/postgres/errors.go:162.36,163.35 1 1
github.com/vibesql/vibe/internal/postgres/errors.go:164.33,165.30 1 1
github.com/vibesql/vibe/internal/postgres/errors.go:166.10,168.26 1 1
github.com/vibesql/vibe/internal/postgres/errors.go:168.26,170.4 1 1
github.com/vibesql/vibe/internal/postgres/errors.go:171.3,171.29 1 0
github.com/vibesql/vibe/internal/postgres/errors.go:176.47,179.24 2 1
github.com/vibesql/vibe/internal/postgres/errors.go:179.24,181.3 1 1
github.com/vibesql/vibe/internal/postgres/errors.go:183.2,183.22 1 1
github.com/vibesql/vibe/internal/postgres/errors.go:183.22,185.3 1 1
github.com/vibesql/vibe/internal/postgres/errors.go:187.2,187.26 1 1
github.com/vibesql/vibe/internal/postgres/errors.go:187.26,189.3 1 0
github.com/vibesql/vibe/internal/postgres/errors.go:191.2,191.15 1 1
github.com/vibesql/vibe/internal/postgres/errors.go:195.46,196.19 1 1
github.com/vibesql/vibe/internal/postgres/errors.go:197.27,198.30 1 1
github.com/vibesql/vibe/internal/postgres/errors.go:199.37,200.40 1 1
github.com/vibesql/vibe/internal/postgres/errors.go:201.28,202.31 1 1
github.com/vibesql/vibe/internal/postgres/errors.go:203.29,204.32 1 1
github.com/vibesql/vibe/internal/postgres/errors.go:205.30,206.33 1 1
github.com/vibesql/vibe/internal/postgres/errors.go:207.31,208.34 1 1
github.com/vibesql/vibe/internal/postgres/errors.go:209.33,210.36 1 1
github.com/vibesql/vibe/internal/postgres/errors.go:211.30,212.33 1 1
github.com/vibesql/vibe/internal/postgres/errors.go:213.35,214.38 1 1
github.com/vibesql/vibe/internal/postgres/errors.go:215.36,216.39 1 1
github.com/vibesql/vibe/internal/postgres/errors.go:217.10,218.33 1 1
github.com/vibesql/vibe/internal/postgres/manager.go:47.52,48.19 1 1
github.com/vibesql/vibe/internal/postgres/manager.go:48.19,50.3 1 1
github.com/vibesql/vibe/internal/postgres/manager.go:51.2,51.15 1 1
github.com/vibesql/vibe/internal/postgres/manager.go:51.15,53.3 1 1
github.com/vibesql/vibe/internal/postgres/manager.go:55.2,63.3 2 1
github.com/vibesql/vibe/internal/postgres/manager.go:67.33,71.15 3 1
github.com/vibesql/vibe/internal/postgres/manager.go:71.15,73.3 1 1
github.com/vibesql/vibe/internal/postgres/manager.go:76.2,76.44 1 1
github.com/vibesql/vibe/internal/postgres/manager.go:76.44,78.3 1 1
github.com/vibesql/vibe/internal/postgres/manager.go:81.2,81.46 1 0
github.com/vibesql/vibe/internal/postgres/manager.go:81.46,83.3 1 0
github.com/vibesql/vibe/internal/postgres/manager.go:86.2,86.42 1 0
github.com/vibesql/vibe/internal/postgres/manager.go:86.42,88.3 1 0
github.com/vibesql/vibe/internal/postgres/manager.go:91.2,91.41 1 0
github.com/vibesql/vibe/internal/postgres/manager.go:91.41,94.3 2 0
github.com/vibesql/vibe/internal/postgres/manager.go:96.2,101.12 3 0
github.com/vibesql/vibe/internal/postgres/manager.go:105.32,109.16 3 1
github.com/vibesql/vibe/internal/postgres/manager.go:109.16,111.3 1 1
github.com/vibesql/vibe/internal/postgres/manager.go:113.2,116.25 3 1
github.com/vibesql/vibe/internal/postgres/manager.go:120.43,128.16 5 1
github.com/vibesql/vibe/internal/postgres/manager.go:128.16,130.3 1 1
github.com/vibesql/vibe/internal/postgres/manager.go:133.2,134.16 2 0
github.com/vibesql/vibe/internal/postgres/manager.go:134.16,136.3 1 0
github.com/vibesql/vibe/internal/postgres/manager.go:139.2,140.68 2 0
github.com/vibesql/vibe/internal/postgres/manager.go:140.68,142.3 1 0
github.com/vibesql/vibe/internal/postgres/manager.go:146.2,148.12 2 0
github.com/vibesql/vibe/internal/postgres/manager.go:152.45,155.50 2 0
github.com/vibesql/vibe/internal/postgres/manager.go:155.50,158.3 1 0
github.com/vibesql/vibe/internal/postgres/manager.go:161.2,161.53 1 0
github.com/vibesql/vibe/internal/postgres/manager.go:161.53,163.3 1 0
github.com/vibesql/vibe/internal/postgres/manager.go:169.2,180.27 2 0
github.com/vibesql/vibe/internal/postgres/manager.go:180.27,182.52 2 0
github.com/vibesql/vibe/internal/postgres/manager.go:182.52,184.4 1 0
github.com/vibesql/vibe/internal/postgres/manager.go:188.2,197.16 3 0
github.com/vibesql/vibe/internal/postgres/manager.go:197.16,199.3 1 0
github.com/vibesql/vibe/internal/postgres/manager.go:201.2,202.16 2 0
github.com/vibesql/vibe/internal/postgres/manager.go:202.16,206.3 1 0
github.com/vibesql/vibe/internal/postgres/manager.go:208.2,212.75 3 0
github.com/vibesql/vibe/internal/postgres/manager.go:212.75,214.3 1 0
github.com/vibesql/vibe/internal/postgres/manager.go:217.2,217.46 1 0
github.com/vibesql/vibe/internal/postgres/manager.go:217.46,219.3 1 0
github.com/vibesql/vibe/internal/postgres/manager.go:221.2,223.12 2 0
github.com/vibesql/vibe/internal/postgres/manager.go:227.53,245.67 3 0
github.com/vibesql/vibe/internal/postgres/manager.go:245.67,247.3 1 0
github.com/vibesql/vibe/internal/postgres/manager.go:250.2,256.65 3 0
github.com/vibesql/vibe/internal/postgres/manager.go:256.65,258.3 1 0
github.com/vibesql/vibe/internal/postgres/manager.go:260.2,260.12 1 0
github.com/vibesql/vibe/internal/postgres/manager.go:264.45,280.67 3 1
github.com/vibesql/vibe/internal/postgres/manager.go:280.67,282.3 1 0
github.com/vibesql/vibe/internal/postgres/manager.go:285.2,291.49 3 1
github.com/vibesql/vibe/internal/postgres/manager.go:295.41,308.16 4 0
github.com/vibesql/vibe/internal/postgres/manager.go:308.16,310.3 1 0
github.com/vibesql/vibe/internal/postgres/manager.go:312.2,313.16 2 0
github.com/vibesql/vibe/internal/postgres/manager.go:313.16,315.3 1 0
github.com/vibesql/vibe/internal/postgres/manager.go:318.2,318.42 1 0
github.com/vibesql/vibe/internal/postgres/manager.go:318.42,320.3 1 0
github.com/vibesql/vibe/internal/postgres/manager.go:323.2,326.12 3 0
github.com/vibesql/vibe/internal/postgres/manager.go:330.40,331.22 1 1
github.com/vibesql/vibe/internal/postgres/manager.go:331.22,333.3 1 1
github.com/vibesql/vibe/internal/postgres/manager.go:336.2,336.30 1 0
github.com/vibesql/vibe/internal/postgres/manager.go:336.30,338.64 1 0
github.com/vibesql/vibe/internal/postgres/manager.go:338.64,341.4 1 0
github.com/vibesql/vibe/internal/postgres/manager.go:344.3,345.13 2 0
github.com/vibesql/vibe/internal/postgres/manager.go:345.13,347.4 1 0
github.com/vibesql/vibe/internal/postgres/manager.go:349.3,349.10 1 0
github.com/vibesql/vibe/internal/postgres/manager.go:350.15,350.15 0 0
github.com/vibesql/vibe/internal/postgres/manager.go:352.38,355.10 2 0
github.com/vibesql/vibe/internal/postgres/manager.go:359.2,360.12 2 0
github.com/vibesql/vibe/internal/postgres/manager.go:364.40,369.6 4 0
github.com/vibesql/vibe/internal/postgres/manager.go:369.6,370.10 1 0
github.com/vibesql/vibe/internal/postgres/manager.go:371.18,372.74 1 0
github.com/vibesql/vibe/internal/postgres/manager.go:373.25,374.56 1 0
github.com/vibesql/vibe/internal/postgres/manager.go:375.19,377.19 1 0
github.com/vibesql/vibe/internal/postgres/manager.go:377.19,379.5 1 0
github.com/vibesql/vibe/internal/postgres/manager.go:385.34,389.44 2 0
github.com/vibesql/vibe/internal/postgres/manager.go:389.44,391.3 1 0
github.com/vibesql/vibe/internal/postgres/manager.go:394.2,394.50 1 0
github.com/vibesql/vibe/internal/postgres/manager.go:394.50,396.3 1 0
github.com/vibesql/vibe/internal/postgres/manager.go:399.2,399.9 1 0
github.com/vibesql/vibe/internal/postgres/manager.go:400.17,401.15 1 0
github.com/vibesql/vibe/internal/postgres/manager.go:402.10,403.14 1 0
github.com/vibesql/vibe/internal/postgres/manager.go:408.36,409.22 1 0
github.com/vibesql/vibe/internal/postgres/manager.go:409.22,411.3 1 0
github.com/vibesql/vibe/internal/postgres/manager.go:413.2,416.9 2 0
github.com/vibesql/vibe/internal/postgres/manager.go:417.22,419.9 1 0
github.com/vibesql/vibe/internal/postgres/manager.go:420.10,422.17 1 0
github.com/vibesql/vibe/internal/postgres/manager.go:422.17,424.4 1 0
github.com/vibesql/vibe/internal/postgres/manager.go:424.9,426.4 1 0
github.com/vibesql/vibe/internal/postgres/manager.go:428.3,430.25 3 0
github.com/vibesql/vibe/internal/postgres/manager.go:435.62,437.21 2 0
github.com/vibesql/vibe/internal/postgres/manager.go:437.21,441.79 2 0
github.com/vibesql/vibe/internal/postgres/manager.go:441.79,443.12 1 0
github.com/vibesql/vibe/internal/postgres/manager.go:447.3,447.73 1 0
github.com/vibesql/vibe/internal/postgres/manager.go:447.73,450.4 1 0
github.com/vibesql/vibe/internal/postgres/manager.go:455.36,459.2 3 1
github.com/vibesql/vibe/internal/postgres/manager.go:462.48,464.2 1 1
github.com/vibesql/vibe/internal/postgres/manager.go:467.39,469.2 1 1
github.com/vibesql/vibe/internal/postgres/manager.go:472.59,473.16 1 1
github.com/vibesql/vibe/internal/postgres/manager.go:473.16,475.3 1 1
github.com/vibesql/vibe/internal/postgres/manager.go:477.2,477.36 1 0
github.com/vibesql/vibe/internal/postgres/manager.go:481.33,483.2 1 1
