mode: set
github.com/vibesql/vibe/internal/query/executor.go:25.40,27.2 1 0
github.com/vibesql/vibe/internal/query/executor.go:29.66,36.16 5 0
github.com/vibesql/vibe/internal/query/executor.go:36.16,39.3 2 0
github.com/vibesql/vibe/internal/query/executor.go:40.2,43.16 3 0
github.com/vibesql/vibe/internal/query/executor.go:43.16,45.3 1 0
github.com/vibesql/vibe/internal/query/executor.go:47.2,53.8 2 0
github.com/vibesql/vibe/internal/query/executor.go:56.66,58.16 2 0
github.com/vibesql/vibe/internal/query/executor.go:58.16,60.3 1 0
github.com/vibesql/vibe/internal/query/executor.go:62.2,64.18 2 0
github.com/vibesql/vibe/internal/query/executor.go:64.18,65.53 1 0
github.com/vibesql/vibe/internal/query/executor.go:65.53,67.4 1 0
github.com/vibesql/vibe/internal/query/executor.go:69.3,71.25 3 0
github.com/vibesql/vibe/internal/query/executor.go:71.25,73.4 1 0
github.com/vibesql/vibe/internal/query/executor.go:75.3,75.49 1 0
github.com/vibesql/vibe/internal/query/executor.go:75.49,77.4 1 0
github.com/vibesql/vibe/internal/query/executor.go:79.3,80.31 2 0
github.com/vibesql/vibe/internal/query/executor.go:80.31,83.33 2 0
github.com/vibesql/vibe/internal/query/executor.go:83.33,85.5 1 0
github.com/vibesql/vibe/internal/query/executor.go:85.10,87.5 1 0
github.com/vibesql/vibe/internal/query/executor.go:90.3,90.33 1 0
github.com/vibesql/vibe/internal/query/executor.go:93.2,93.35 1 0
github.com/vibesql/vibe/internal/query/executor.go:93.35,95.3 1 0
github.com/vibesql/vibe/internal/query/executor.go:97.2,97.21 1 0
github.com/vibesql/vibe/internal/query/limiter.go:11.47,12.38 1 1
github.com/vibesql/vibe/internal/query/limiter.go:12.38,18.3 1 1
github.com/vibesql/vibe/internal/query/limiter.go:19.2,19.12 1 1
github.com/vibesql/vibe/internal/query/safety.go:18.36,23.43 3 1
github.com/vibesql/vibe/internal/query/safety.go:23.43,24.31 1 1
github.com/vibesql/vibe/internal/query/safety.go:24.31,30.4 1 1
github.com/vibesql/vibe/internal/query/safety.go:34.2,34.43 1 1
github.com/vibesql/vibe/internal/query/safety.go:34.43,35.31 1 1
github.com/vibesql/vibe/internal/query/safety.go:35.31,41.4 1 1
github.com/vibesql/vibe/internal/query/safety.go:44.2,44.12 1 1
github.com/vibesql/vibe/internal/query/safety.go:49.38,63.2 4 1
github.com/vibesql/vibe/internal/query/safety.go:68.40,76.2 3 1
github.com/vibesql/vibe/internal/query/safety.go:81.46,83.2 1 1
github.com/vibesql/vibe/internal/query/validator.go:15.38,18.19 2 1
github.com/vibesql/vibe/internal/query/validator.go:18.19,24.3 1 1
github.com/vibesql/vibe/internal/query/validator.go:27.2,27.29 1 1
github.com/vibesql/vibe/internal/query/validator.go:27.29,33.3 1 1
github.com/vibesql/vibe/internal/query/validator.go:38.2,45.40 4 1
github.com/vibesql/vibe/internal/query/validator.go:45.40,46.43 1 1
github.com/vibesql/vibe/internal/query/validator.go:46.43,48.9 2 1
github.com/vibesql/vibe/internal/query/validator.go:52.2,52.22 1 1
github.com/vibesql/vibe/internal/query/validator.go:52.22,58.3 1 1
github.com/vibesql/vibe/internal/query/validator.go:60.2,60.12 1 1
